<?xml version="1.0" encoding="UTF-8"?>
<testsuite name="org.springframework.samples.petclinic.owner.VisitControllerTests" tests="3" skipped="0" failures="0" errors="0" timestamp="2023-07-26T04:47:31" hostname="dhar.lan" time="0.052">
  <properties/>
  <testcase name="testProcessNewVisitFormHasErrors()" classname="org.springframework.samples.petclinic.owner.VisitControllerTests" time="0.044"/>
  <testcase name="testProcessNewVisitFormSuccess()" classname="org.springframework.samples.petclinic.owner.VisitControllerTests" time="0.002"/>
  <testcase name="testInitNewVisitForm()" classname="org.springframework.samples.petclinic.owner.VisitControllerTests" time="0.004"/>
  <system-out><![CDATA[2023-07-25T21:47:31.160-07:00  INFO 60024 --- [    Test worker] t.c.s.AnnotationConfigContextLoaderUtils : Could not detect default configuration classes for test class [org.springframework.samples.petclinic.owner.VisitControllerTests]: VisitControllerTests does not declare any static, non-private, non-final, nested classes annotated with @Configuration.
2023-07-25T21:47:31.164-07:00  INFO 60024 --- [    Test worker] .b.t.c.SpringBootTestContextBootstrapper : Found @SpringBootConfiguration org.springframework.samples.petclinic.PetClinicApplication for test class org.springframework.samples.petclinic.owner.VisitControllerTests


              |\      _,,,--,,_
             /,`.-'`'   ._  \-;;,_
  _______ __|,4-  ) )_   .;.(__`'-'__     ___ __    _ ___ _______
 |       | '---''(_/._)-'(_\_)   |   |   |   |  |  | |   |       |
 |    _  |    ___|_     _|       |   |   |   |   |_| |   |       | __ _ _
 |   |_| |   |___  |   | |       |   |   |   |       |   |       | \ \ \ \
 |    ___|    ___| |   | |      _|   |___|   |  _    |   |      _|  \ \ \ \
 |   |   |   |___  |   | |     |_|       |   | | |   |   |     |_    ) ) ) )
 |___|   |_______| |___| |_______|_______|___|_|  |__|___|_______|  / / / /
 ==================================================================/_/_/_/

:: Built with Spring Boot :: 3.1.1


2023-07-25T21:47:31.176-07:00  INFO 60024 --- [    Test worker] o.s.s.p.owner.VisitControllerTests       : Starting VisitControllerTests using Java 17.0.8 with PID 60024 (started by vidyadhar in /Users/vidyadhar/Downloads/spring-petclinic)
2023-07-25T21:47:31.176-07:00  INFO 60024 --- [    Test worker] o.s.s.p.owner.VisitControllerTests       : No active profile set, falling back to 1 default profile: "default"
2023-07-25T21:47:31.287-07:00  INFO 60024 --- [    Test worker] o.s.b.t.m.w.SpringBootMockServletContext : Initializing Spring TestDispatcherServlet ''
2023-07-25T21:47:31.287-07:00  INFO 60024 --- [    Test worker] o.s.t.web.servlet.TestDispatcherServlet  : Initializing Servlet ''
2023-07-25T21:47:31.287-07:00  INFO 60024 --- [    Test worker] o.s.t.web.servlet.TestDispatcherServlet  : Completed initialization in 0 ms
2023-07-25T21:47:31.290-07:00  INFO 60024 --- [    Test worker] o.s.s.p.owner.VisitControllerTests       : Started VisitControllerTests in 0.123 seconds (process running for 50.68)
]]></system-out>
  <system-err><![CDATA[]]></system-err>
</testsuite>
