<?xml version="1.0" encoding="UTF-8"?>
<testsuite name="org.springframework.samples.petclinic.PetClinicIntegrationTests" tests="2" skipped="0" failures="0" errors="0" timestamp="2023-07-26T04:47:08" hostname="dhar.lan" time="0.047">
  <properties/>
  <testcase name="testFindAll()" classname="org.springframework.samples.petclinic.PetClinicIntegrationTests" time="0.016"/>
  <testcase name="testOwnerDetails()" classname="org.springframework.samples.petclinic.PetClinicIntegrationTests" time="0.03"/>
  <system-out><![CDATA[2023-07-25T21:47:07.714-07:00  INFO 60024 --- [    Test worker] t.c.s.AnnotationConfigContextLoaderUtils : Could not detect default configuration classes for test class [org.springframework.samples.petclinic.PetClinicIntegrationTests]: PetClinicIntegrationTests does not declare any static, non-private, non-final, nested classes annotated with @Configuration.
2023-07-25T21:47:07.717-07:00  INFO 60024 --- [    Test worker] .b.t.c.SpringBootTestContextBootstrapper : Found @SpringBootConfiguration org.springframework.samples.petclinic.PetClinicApplication for test class org.springframework.samples.petclinic.PetClinicIntegrationTests


              |\      _,,,--,,_
             /,`.-'`'   ._  \-;;,_
  _______ __|,4-  ) )_   .;.(__`'-'__     ___ __    _ ___ _______
 |       | '---''(_/._)-'(_\_)   |   |   |   |  |  | |   |       |
 |    _  |    ___|_     _|       |   |   |   |   |_| |   |       | __ _ _
 |   |_| |   |___  |   | |       |   |   |   |       |   |       | \ \ \ \
 |    ___|    ___| |   | |      _|   |___|   |  _    |   |      _|  \ \ \ \
 |   |   |   |___  |   | |     |_|       |   | | |   |   |     |_    ) ) ) )
 |___|   |_______| |___| |_______|_______|___|_|  |__|___|_______|  / / / /
 ==================================================================/_/_/_/

:: Built with Spring Boot :: 3.1.1


2023-07-25T21:47:07.731-07:00  INFO 60024 --- [    Test worker] o.s.s.p.PetClinicIntegrationTests        : Starting PetClinicIntegrationTests using Java 17.0.8 with PID 60024 (started by vidyadhar in /Users/vidyadhar/Downloads/spring-petclinic)
2023-07-25T21:47:07.731-07:00  INFO 60024 --- [    Test worker] o.s.s.p.PetClinicIntegrationTests        : No active profile set, falling back to 1 default profile: "default"
2023-07-25T21:47:07.855-07:00  INFO 60024 --- [    Test worker] .s.d.r.c.RepositoryConfigurationDelegate : Bootstrapping Spring Data JPA repositories in DEFAULT mode.
2023-07-25T21:47:07.862-07:00  INFO 60024 --- [    Test worker] .s.d.r.c.RepositoryConfigurationDelegate : Finished Spring Data repository scanning in 7 ms. Found 2 JPA repository interfaces.
2023-07-25T21:47:07.905-07:00  INFO 60024 --- [    Test worker] o.s.b.w.embedded.tomcat.TomcatWebServer  : Tomcat initialized with port(s): 0 (http)
2023-07-25T21:47:07.905-07:00  INFO 60024 --- [    Test worker] o.apache.catalina.core.StandardService   : Starting service [Tomcat]
2023-07-25T21:47:07.905-07:00  INFO 60024 --- [    Test worker] o.apache.catalina.core.StandardEngine    : Starting Servlet engine: [Apache Tomcat/10.1.10]
2023-07-25T21:47:07.914-07:00  INFO 60024 --- [    Test worker] o.a.c.c.C.[Tomcat-1].[localhost].[/]     : Initializing Spring embedded WebApplicationContext
2023-07-25T21:47:07.914-07:00  INFO 60024 --- [    Test worker] w.s.c.ServletWebServerApplicationContext : Root WebApplicationContext: initialization completed in 182 ms
2023-07-25T21:47:07.943-07:00  INFO 60024 --- [    Test worker] com.zaxxer.hikari.HikariDataSource       : HikariPool-2 - Starting...
2023-07-25T21:47:08.017-07:00  INFO 60024 --- [    Test worker] com.zaxxer.hikari.pool.HikariPool        : HikariPool-2 - Added connection conn0: url=jdbc:h2:mem:877cfcbb-b85c-4c0e-bd06-1d8f5d0a6e6e user=SA
2023-07-25T21:47:08.017-07:00  INFO 60024 --- [    Test worker] com.zaxxer.hikari.HikariDataSource       : HikariPool-2 - Start completed.
2023-07-25T21:47:08.052-07:00  INFO 60024 --- [    Test worker] o.hibernate.jpa.internal.util.LogHelper  : HHH000204: Processing PersistenceUnitInfo [name: default]
2023-07-25T21:47:08.055-07:00  INFO 60024 --- [    Test worker] o.h.b.i.BytecodeProviderInitiator        : HHH000021: Bytecode provider name : bytebuddy
2023-07-25T21:47:08.055-07:00  INFO 60024 --- [    Test worker] o.s.o.j.p.SpringPersistenceUnitInfo      : No LoadTimeWeaver setup: ignoring JPA class transformer
2023-07-25T21:47:08.069-07:00  INFO 60024 --- [    Test worker] o.h.b.i.BytecodeProviderInitiator        : HHH000021: Bytecode provider name : bytebuddy
2023-07-25T21:47:08.115-07:00  INFO 60024 --- [    Test worker] o.h.e.t.j.p.i.JtaPlatformInitiator       : HHH000490: Using JtaPlatform implementation: [org.hibernate.engine.transaction.jta.platform.internal.NoJtaPlatform]
2023-07-25T21:47:08.115-07:00  INFO 60024 --- [    Test worker] j.LocalContainerEntityManagerFactoryBean : Initialized JPA EntityManagerFactory for persistence unit 'default'
2023-07-25T21:47:08.292-07:00  INFO 60024 --- [    Test worker] o.s.b.a.e.web.EndpointLinksResolver      : Exposing 13 endpoint(s) beneath base path '/actuator'
2023-07-25T21:47:08.309-07:00  INFO 60024 --- [    Test worker] o.s.b.w.embedded.tomcat.TomcatWebServer  : Tomcat started on port(s): 60304 (http) with context path ''
2023-07-25T21:47:08.312-07:00  INFO 60024 --- [    Test worker] o.s.s.p.PetClinicIntegrationTests        : Started PetClinicIntegrationTests in 0.592 seconds (process running for 27.702)
2023-07-25T21:47:08.333-07:00  INFO 60024 --- [o-auto-2-exec-1] o.a.c.c.C.[Tomcat-1].[localhost].[/]     : Initializing Spring DispatcherServlet 'dispatcherServlet'
2023-07-25T21:47:08.334-07:00  INFO 60024 --- [o-auto-2-exec-1] o.s.web.servlet.DispatcherServlet        : Initializing Servlet 'dispatcherServlet'
2023-07-25T21:47:08.334-07:00  INFO 60024 --- [o-auto-2-exec-1] o.s.web.servlet.DispatcherServlet        : Completed initialization in 0 ms
]]></system-out>
  <system-err><![CDATA[]]></system-err>
</testsuite>
