<?xml version="1.0" encoding="UTF-8"?>
<testsuite name="org.springframework.samples.petclinic.MySqlIntegrationTests" tests="2" skipped="0" failures="0" errors="0" timestamp="2023-07-26T04:47:06" hostname="dhar.lan" time="0.719">
  <properties/>
  <testcase name="testFindAll()" classname="org.springframework.samples.petclinic.MySqlIntegrationTests" time="0.378"/>
  <testcase name="testOwnerDetails()" classname="org.springframework.samples.petclinic.MySqlIntegrationTests" time="0.34"/>
  <system-out><![CDATA[21:46:41.704 [Test worker] INFO org.springframework.test.context.support.AnnotationConfigContextLoaderUtils -- Could not detect default configuration classes for test class [org.springframework.samples.petclinic.MySqlIntegrationTests]: MySqlIntegrationTests does not declare any static, non-private, non-final, nested classes annotated with @Configuration.
21:46:41.776 [Test worker] INFO org.springframework.boot.test.context.SpringBootTestContextBootstrapper -- Found @SpringBootConfiguration org.springframework.samples.petclinic.PetClinicApplication for test class org.springframework.samples.petclinic.MySqlIntegrationTests
21:46:41.819 [Test worker] INFO tc.mysql:5.7 -- Creating container for image: mysql:5.7
21:46:41.860 [Test worker] INFO tc.mysql:5.7 -- Container mysql:5.7 is starting: 54e7326ceff02e0adf1fc218ee6fa79d5e8963e91bbad0e27de199c84b8b81aa
21:46:42.006 [Test worker] WARN tc.mysql:5.7 -- The architecture 'amd64' for image 'mysql:5.7' (ID sha256:d7b085374dbc1ca6ee83a18b488b9da0425749c87051e8bd8287dc2a2c775ecb) does not match the Docker server architecture 'arm64'. This will cause the container to execute much more slowly due to emulation and may lead to timeout failures.
21:46:42.006 [Test worker] INFO tc.mysql:5.7 -- Waiting for database connection to become available at jdbc:mysql://localhost:60045/test using query 'SELECT 1'
21:46:52.991 [Test worker] INFO tc.mysql:5.7 -- Container mysql:5.7 started in PT11.171064S
21:46:52.991 [Test worker] INFO tc.mysql:5.7 -- Container is started (JDBC URL: jdbc:mysql://localhost:60045/test)


              |\      _,,,--,,_
             /,`.-'`'   ._  \-;;,_
  _______ __|,4-  ) )_   .;.(__`'-'__     ___ __    _ ___ _______
 |       | '---''(_/._)-'(_\_)   |   |   |   |  |  | |   |       |
 |    _  |    ___|_     _|       |   |   |   |   |_| |   |       | __ _ _
 |   |_| |   |___  |   | |       |   |   |   |       |   |       | \ \ \ \
 |    ___|    ___| |   | |      _|   |___|   |  _    |   |      _|  \ \ \ \
 |   |   |   |___  |   | |     |_|       |   | | |   |   |     |_    ) ) ) )
 |___|   |_______| |___| |_______|_______|___|_|  |__|___|_______|  / / / /
 ==================================================================/_/_/_/

:: Built with Spring Boot :: 3.1.1


2023-07-25T21:46:53.122-07:00  INFO 60024 --- [    Test worker] o.s.s.petclinic.MySqlIntegrationTests    : Starting MySqlIntegrationTests using Java 17.0.8 with PID 60024 (started by vidyadhar in /Users/vidyadhar/Downloads/spring-petclinic)
2023-07-25T21:46:53.123-07:00  INFO 60024 --- [    Test worker] o.s.s.petclinic.MySqlIntegrationTests    : The following 1 profile is active: "mysql"
2023-07-25T21:46:53.527-07:00  INFO 60024 --- [    Test worker] .s.d.r.c.RepositoryConfigurationDelegate : Bootstrapping Spring Data JPA repositories in DEFAULT mode.
2023-07-25T21:46:53.559-07:00  INFO 60024 --- [    Test worker] .s.d.r.c.RepositoryConfigurationDelegate : Finished Spring Data repository scanning in 29 ms. Found 2 JPA repository interfaces.
2023-07-25T21:46:53.819-07:00  INFO 60024 --- [    Test worker] o.s.b.w.embedded.tomcat.TomcatWebServer  : Tomcat initialized with port(s): 0 (http)
2023-07-25T21:46:53.825-07:00  INFO 60024 --- [    Test worker] o.apache.catalina.core.StandardService   : Starting service [Tomcat]
2023-07-25T21:46:53.825-07:00  INFO 60024 --- [    Test worker] o.apache.catalina.core.StandardEngine    : Starting Servlet engine: [Apache Tomcat/10.1.10]
2023-07-25T21:46:53.885-07:00  INFO 60024 --- [    Test worker] o.a.c.c.C.[Tomcat].[localhost].[/]       : Initializing Spring embedded WebApplicationContext
2023-07-25T21:46:53.886-07:00  INFO 60024 --- [    Test worker] w.s.c.ServletWebServerApplicationContext : Root WebApplicationContext: initialization completed in 746 ms
2023-07-25T21:46:53.986-07:00  INFO 60024 --- [    Test worker] com.zaxxer.hikari.HikariDataSource       : HikariPool-1 - Starting...
2023-07-25T21:46:54.150-07:00  INFO 60024 --- [    Test worker] com.zaxxer.hikari.pool.HikariPool        : HikariPool-1 - Added connection com.mysql.cj.jdbc.ConnectionImpl@50f13494
2023-07-25T21:46:54.151-07:00  INFO 60024 --- [    Test worker] com.zaxxer.hikari.HikariDataSource       : HikariPool-1 - Start completed.
2023-07-25T21:46:54.411-07:00  INFO 60024 --- [    Test worker] o.hibernate.jpa.internal.util.LogHelper  : HHH000204: Processing PersistenceUnitInfo [name: default]
2023-07-25T21:46:54.433-07:00  INFO 60024 --- [    Test worker] org.hibernate.Version                    : HHH000412: Hibernate ORM core version 6.2.5.Final
2023-07-25T21:46:54.434-07:00  INFO 60024 --- [    Test worker] org.hibernate.cfg.Environment            : HHH000406: Using bytecode reflection optimizer
2023-07-25T21:46:54.493-07:00  INFO 60024 --- [    Test worker] o.h.b.i.BytecodeProviderInitiator        : HHH000021: Bytecode provider name : bytebuddy
2023-07-25T21:46:54.550-07:00  INFO 60024 --- [    Test worker] o.s.o.j.p.SpringPersistenceUnitInfo      : No LoadTimeWeaver setup: ignoring JPA class transformer
2023-07-25T21:46:54.686-07:00  INFO 60024 --- [    Test worker] o.h.b.i.BytecodeProviderInitiator        : HHH000021: Bytecode provider name : bytebuddy
2023-07-25T21:46:55.069-07:00  INFO 60024 --- [    Test worker] o.h.e.t.j.p.i.JtaPlatformInitiator       : HHH000490: Using JtaPlatform implementation: [org.hibernate.engine.transaction.jta.platform.internal.NoJtaPlatform]
2023-07-25T21:46:55.071-07:00  INFO 60024 --- [    Test worker] j.LocalContainerEntityManagerFactoryBean : Initialized JPA EntityManagerFactory for persistence unit 'default'
2023-07-25T21:46:55.078-07:00  INFO 60024 --- [    Test worker] tc.mysql:5.7                             : Creating container for image: mysql:5.7
2023-07-25T21:46:55.121-07:00  INFO 60024 --- [    Test worker] tc.mysql:5.7                             : Container mysql:5.7 is starting: b2f2fd18a5faff752eb7b3ee04aec40e680d9c129ef8f7ebd7e04c3d5cba7ac9
2023-07-25T21:46:55.268-07:00  WARN 60024 --- [    Test worker] tc.mysql:5.7                             : The architecture 'amd64' for image 'mysql:5.7' (ID sha256:d7b085374dbc1ca6ee83a18b488b9da0425749c87051e8bd8287dc2a2c775ecb) does not match the Docker server architecture 'arm64'. This will cause the container to execute much more slowly due to emulation and may lead to timeout failures.
2023-07-25T21:46:55.268-07:00  INFO 60024 --- [    Test worker] tc.mysql:5.7                             : Waiting for database connection to become available at jdbc:mysql://localhost:60174/test using query 'SELECT 1'
2023-07-25T21:47:06.124-07:00  INFO 60024 --- [    Test worker] tc.mysql:5.7                             : Container mysql:5.7 started in PT11.045616S
2023-07-25T21:47:06.124-07:00  INFO 60024 --- [    Test worker] tc.mysql:5.7                             : Container is started (JDBC URL: jdbc:mysql://localhost:60174/test)
2023-07-25T21:47:06.247-07:00  INFO 60024 --- [    Test worker] o.s.d.j.r.query.QueryEnhancerFactory     : Hibernate is in classpath; If applicable, HQL parser will be used.
2023-07-25T21:47:06.742-07:00  INFO 60024 --- [    Test worker] o.s.b.a.e.web.EndpointLinksResolver      : Exposing 13 endpoint(s) beneath base path '/actuator'
2023-07-25T21:47:06.784-07:00  INFO 60024 --- [    Test worker] o.s.b.w.embedded.tomcat.TomcatWebServer  : Tomcat started on port(s): 60294 (http) with context path ''
2023-07-25T21:47:06.796-07:00  INFO 60024 --- [    Test worker] o.s.s.petclinic.MySqlIntegrationTests    : Started MySqlIntegrationTests in 13.786 seconds (process running for 26.186)
2023-07-25T21:47:07.242-07:00  INFO 60024 --- [o-auto-1-exec-1] o.a.c.c.C.[Tomcat].[localhost].[/]       : Initializing Spring DispatcherServlet 'dispatcherServlet'
2023-07-25T21:47:07.243-07:00  INFO 60024 --- [o-auto-1-exec-1] o.s.web.servlet.DispatcherServlet        : Initializing Servlet 'dispatcherServlet'
2023-07-25T21:47:07.244-07:00  INFO 60024 --- [o-auto-1-exec-1] o.s.web.servlet.DispatcherServlet        : Completed initialization in 1 ms
]]></system-out>
  <system-err><![CDATA[]]></system-err>
</testsuite>
